# JRE version: OpenJDK Runtime Environment (11.0.13) (build 11.0.13+0-b1751.21-8125866)
# Java VM: OpenJDK 64-Bit Server VM (11.0.13+0-b1751.21-8125866, mixed mode, tiered, compressed oops, g1 gc, windows-amd64)
Heap:
 garbage-first heap   total 227328K, used 187277K [0x0000000080000000, 0x0000000100000000)
  region size 1024K, 7 young (7168K), 2 survivors (2048K)
 Metaspace       used 122591K, capacity 126211K, committed 126364K, reserved 1159168K
  class space    used 15144K, capacity 16348K, committed 16364K, reserved 1048576K
GC Heap History (20 events):
Event: 27.399 GC heap before
{Heap before GC invocations=56 (full 0):
 garbage-first heap   total 227328K, used 197751K [0x0000000080000000, 0x0000000100000000)
  region size 1024K, 15 young (15360K), 1 survivors (1024K)
 Metaspace       used 119778K, capacity 122780K, committed 123164K, reserved 1157120K
  class space    used 14790K, capacity 15843K, committed 15980K, reserved 1048576K
}
Event: 27.400 GC heap after
{Heap after GC invocations=57 (full 0):
 garbage-first heap   total 227328K, used 183572K [0x0000000080000000, 0x0000000100000000)
  region size 1024K, 2 young (2048K), 2 survivors (2048K)
 Metaspace       used 119778K, capacity 122780K, committed 123164K, reserved 1157120K
  class space    used 14790K, capacity 15843K, committed 15980K, reserved 1048576K
}
Event: 28.159 GC heap before
{Heap before GC invocations=57 (full 0):
 garbage-first heap   total 227328K, used 196884K [0x0000000080000000, 0x0000000100000000)
  region size 1024K, 16 young (16384K), 2 survivors (2048K)
 Metaspace       used 120346K, capacity 123453K, committed 123676K, reserved 1157120K
  class space    used 14866K, capacity 15927K, committed 15980K, reserved 1048576K
}
Event: 28.161 GC heap after
{Heap after GC invocations=58 (full 0):
 garbage-first heap   total 227328K, used 183816K [0x0000000080000000, 0x0000000100000000)
  region size 1024K, 2 young (2048K), 2 survivors (2048K)
 Metaspace       used 120346K, capacity 123453K, committed 123676K, reserved 1157120K
  class space    used 14866K, capacity 15927K, committed 15980K, reserved 1048576K
}
Event: 107.874 GC heap before
{Heap before GC invocations=58 (full 0):
 garbage-first heap   total 227328K, used 197128K [0x0000000080000000, 0x0000000100000000)
  region size 1024K, 16 young (16384K), 2 survivors (2048K)
 Metaspace       used 120573K, capacity 123753K, committed 123932K, reserved 1157120K
  class space    used 14886K, capacity 15962K, committed 15980K, reserved 1048576K
}
Event: 107.876 GC heap after
{Heap after GC invocations=59 (full 0):
 garbage-first heap   total 227328K, used 185747K [0x0000000080000000, 0x0000000100000000)
  region size 1024K, 2 young (2048K), 2 survivors (2048K)
 Metaspace       used 120573K, capacity 123753K, committed 123932K, reserved 1157120K
  class space    used 14886K, capacity 15962K, committed 15980K, reserved 1048576K
}
Event: 107.946 GC heap before
{Heap before GC invocations=59 (full 0):
 garbage-first heap   total 227328K, used 198035K [0x0000000080000000, 0x0000000100000000)
  region size 1024K, 15 young (15360K), 2 survivors (2048K)
 Metaspace       used 120627K, capacity 123783K, committed 123932K, reserved 1157120K
  class space    used 14887K, capacity 15965K, committed 15980K, reserved 1048576K
}
Event: 107.949 GC heap after
{Heap after GC invocations=60 (full 0):
 garbage-first heap   total 227328K, used 186993K [0x0000000080000000, 0x0000000100000000)
  region size 1024K, 2 young (2048K), 2 survivors (2048K)
 Metaspace       used 120627K, capacity 123783K, committed 123932K, reserved 1157120K
  class space    used 14887K, capacity 15965K, committed 15980K, reserved 1048576K
}
Event: 108.049 GC heap before
{Heap before GC invocations=60 (full 0):
 garbage-first heap   total 227328K, used 199281K [0x0000000080000000, 0x0000000100000000)
  region size 1024K, 14 young (14336K), 2 survivors (2048K)
 Metaspace       used 120766K, capacity 123869K, committed 123932K, reserved 1157120K
  class space    used 14889K, capacity 15969K, committed 15980K, reserved 1048576K
}
Event: 108.051 GC heap after
{Heap after GC invocations=61 (full 0):
 garbage-first heap   total 227328K, used 189618K [0x0000000080000000, 0x0000000100000000)
  region size 1024K, 2 young (2048K), 2 survivors (2048K)
 Metaspace       used 120766K, capacity 123869K, committed 123932K, reserved 1157120K
  class space    used 14889K, capacity 15969K, committed 15980K, reserved 1048576K
}
Event: 108.131 GC heap before
{Heap before GC invocations=61 (full 0):
 garbage-first heap   total 227328K, used 197810K [0x0000000080000000, 0x0000000100000000)
  region size 1024K, 11 young (11264K), 2 survivors (2048K)
 Metaspace       used 120871K, capacity 124095K, committed 124188K, reserved 1157120K
  class space    used 14894K, capacity 15978K, committed 15980K, reserved 1048576K
}
Event: 108.134 GC heap after
{Heap after GC invocations=62 (full 0):
 garbage-first heap   total 227328K, used 191904K [0x0000000080000000, 0x0000000100000000)
  region size 1024K, 2 young (2048K), 2 survivors (2048K)
 Metaspace       used 120871K, capacity 124095K, committed 124188K, reserved 1157120K
  class space    used 14894K, capacity 15978K, committed 15980K, reserved 1048576K
}
Event: 108.208 GC heap before
{Heap before GC invocations=62 (full 0):
 garbage-first heap   total 227328K, used 200096K [0x0000000080000000, 0x0000000100000000)
  region size 1024K, 11 young (11264K), 2 survivors (2048K)
 Metaspace       used 120898K, capacity 124106K, committed 124316K, reserved 1157120K
  class space    used 14896K, capacity 15981K, committed 16108K, reserved 1048576K
}
Event: 108.211 GC heap after
{Heap after GC invocations=63 (full 0):
 garbage-first heap   total 227328K, used 193151K [0x0000000080000000, 0x0000000100000000)
  region size 1024K, 2 young (2048K), 2 survivors (2048K)
 Metaspace       used 120898K, capacity 124106K, committed 124316K, reserved 1157120K
  class space    used 14896K, capacity 15981K, committed 16108K, reserved 1048576K
}
Event: 108.280 GC heap before
{Heap before GC invocations=63 (full 0):
 garbage-first heap   total 227328K, used 202367K [0x0000000080000000, 0x0000000100000000)
  region size 1024K, 11 young (11264K), 2 survivors (2048K)
 Metaspace       used 121183K, capacity 124563K, committed 124828K, reserved 1159168K
  class space    used 14940K, capacity 16062K, committed 16108K, reserved 1048576K
}
Event: 108.283 GC heap after
{Heap after GC invocations=64 (full 0):
 garbage-first heap   total 227328K, used 193698K [0x0000000080000000, 0x0000000100000000)
  region size 1024K, 2 young (2048K), 2 survivors (2048K)
 Metaspace       used 121183K, capacity 124563K, committed 124828K, reserved 1159168K
  class space    used 14940K, capacity 16062K, committed 16108K, reserved 1048576K
}
Event: 108.423 GC heap before
{Heap before GC invocations=65 (full 0):
 garbage-first heap   total 227328K, used 202914K [0x0000000080000000, 0x0000000100000000)
  region size 1024K, 11 young (11264K), 2 survivors (2048K)
 Metaspace       used 121435K, capacity 124934K, committed 125212K, reserved 1159168K
  class space    used 14965K, capacity 16110K, committed 16236K, reserved 1048576K
}
Event: 108.426 GC heap after
{Heap after GC invocations=66 (full 0):
 garbage-first heap   total 227328K, used 194282K [0x0000000080000000, 0x0000000100000000)
  region size 1024K, 2 young (2048K), 2 survivors (2048K)
 Metaspace       used 121435K, capacity 124934K, committed 125212K, reserved 1159168K
  class space    used 14965K, capacity 16110K, committed 16236K, reserved 1048576K
}
Event: 110.052 GC heap before
{Heap before GC invocations=66 (full 0):
 garbage-first heap   total 227328K, used 203498K [0x0000000080000000, 0x0000000100000000)
  region size 1024K, 11 young (11264K), 2 survivors (2048K)
 Metaspace       used 122128K, capacity 125679K, committed 125852K, reserved 1159168K
  class space    used 15066K, capacity 16248K, committed 16364K, reserved 1048576K
}
Event: 110.057 GC heap after
{Heap after GC invocations=67 (full 0):
 garbage-first heap   total 227328K, used 183181K [0x0000000080000000, 0x0000000100000000)
  region size 1024K, 2 young (2048K), 2 survivors (2048K)
 Metaspace       used 122128K, capacity 125679K, committed 125852K, reserved 1159168K
  class space    used 15066K, capacity 16248K, committed 16364K, reserved 1048576K
}

